<?xml version="1.0" encoding="UTF-8"?>
<!-- Generated by org.testng.reporters.JUnitXMLReporter -->
<testsuite hostname="DESKTOP-V7LO711" tests="2" failures="1" timestamp="11 Jun 2021 13:08:38 GMT" time="0.065" errors="0">
  <testcase name="test" time="0.014" classname="Test"/>
  <testcase name="test2" time="0.001" classname="Test">
    <failure type="java.lang.AssertionError">
      <![CDATA[java.lang.AssertionError
	at Test.test2(Test.java:13)
	at org.apache.maven.surefire.testng.TestNGExecutor.run(TestNGExecutor.java:284)
	at org.apache.maven.surefire.testng.TestNGXmlTestSuite.execute(TestNGXmlTestSuite.java:75)
	at org.apache.maven.surefire.testng.TestNGProvider.invoke(TestNGProvider.java:119)
	at org.apache.maven.surefire.booter.ForkedBooter.runSuitesInProcess(ForkedBooter.java:428)
	at org.apache.maven.surefire.booter.ForkedBooter.execute(ForkedBooter.java:162)
	at org.apache.maven.surefire.booter.ForkedBooter.run(ForkedBooter.java:562)
	at org.apache.maven.surefire.booter.ForkedBooter.main(ForkedBooter.java:548)
... Removed 21 stack frames]]>
    </failure>
  </testcase> <!-- test2 -->
</testsuite>
